<?xml version="1.0" encoding="UTF-8"?>
<testng-results ignored="0" total="2" passed="2" failed="0" skipped="0">
  <reporter-output>
  </reporter-output>
  <suite started-at="2022-08-28T13:55:15 PET" name="Default suite" finished-at="2022-08-28T13:55:17 PET" duration-ms="2069">
    <groups>
    </groups>
    <test started-at="2022-08-28T13:55:15 PET" name="Default test" finished-at="2022-08-28T13:55:17 PET" duration-ms="2069">
      <class name="tests.GetAndPostExamples">
        <test-method signature="tesGet()[pri:0, instance:tests.GetAndPostExamples@740773a3]" started-at="2022-08-28T13:55:15 PET" name="tesGet" finished-at="2022-08-28T13:55:17 PET" duration-ms="1517" status="PASS">
          <reporter-output>
          </reporter-output>
        </test-method> <!-- tesGet -->
        <test-method signature="tesPost()[pri:0, instance:tests.GetAndPostExamples@740773a3]" started-at="2022-08-28T13:55:17 PET" name="tesPost" finished-at="2022-08-28T13:55:17 PET" duration-ms="529" status="PASS">
          <reporter-output>
          </reporter-output>
        </test-method> <!-- tesPost -->
      </class> <!-- tests.GetAndPostExamples -->
    </test> <!-- Default test -->
  </suite> <!-- Default suite -->
</testng-results>
