<?xml version="1.0" encoding="UTF-8"?>
<testng-results ignored="0" total="2" passed="2" failed="0" skipped="0">
  <reporter-output>
  </reporter-output>
  <suite started-at="2022-08-25T23:07:58 PET" name="Default suite" finished-at="2022-08-25T23:08:00 PET" duration-ms="1597">
    <groups>
    </groups>
    <test started-at="2022-08-25T23:07:58 PET" name="Default test" finished-at="2022-08-25T23:08:00 PET" duration-ms="1597">
      <class name="tests.TestsExamples">
        <test-method signature="test()[pri:0, instance:tests.TestsExamples@3e96bacf]" started-at="2022-08-25T23:07:58 PET" name="test" finished-at="2022-08-25T23:07:59 PET" duration-ms="1070" status="PASS">
          <reporter-output>
          </reporter-output>
        </test-method> <!-- test -->
        <test-method signature="test2()[pri:0, instance:tests.TestsExamples@3e96bacf]" started-at="2022-08-25T23:07:59 PET" name="test2" finished-at="2022-08-25T23:08:00 PET" duration-ms="503" status="PASS">
          <reporter-output>
          </reporter-output>
        </test-method> <!-- test2 -->
      </class> <!-- tests.TestsExamples -->
    </test> <!-- Default test -->
  </suite> <!-- Default suite -->
</testng-results>
